This is pdfTeX, Version 3.141592653-2.6-1.40.29 (TeX Live 2026) (preloaded format=pdflatex 2026.6.7)  7 JUN 2026 12:06
entering extended mode
 restricted \write18 enabled.
 %&-line parsing enabled.
**SRKW-QERM514_LMM.tex
(./SRKW-QERM514_LMM.tex
LaTeX2e <2026-06-01>
L3 programming layer <2026-05-26>
(c:/Users/MBall/AppData/Roaming/TinyTeX/texmf-dist/tex/latex/base/article.cls
Document Class: article 2025/01/22 v1.4n Standard LaTeX document class
(c:/Users/MBall/AppData/Roaming/TinyTeX/texmf-dist/tex/latex/base/size10.clo
File: size10.clo 2025/01/22 v1.4n Standard LaTeX file (size option)
)
\c@part=\count276
\c@section=\count277
\c@subsection=\count278
\c@subsubsection=\count279
\c@paragraph=\count280
\c@subparagraph=\count281
\c@figure=\count282
\c@table=\count283
\abovecaptionskip=\skip49
\belowcaptionskip=\skip50
\bibindent=\dimen150
) (c:/Users/MBall/AppData/Roaming/TinyTeX/texmf-dist/tex/latex/amsmath/amsmath.sty
Package: amsmath 2026/05/19 v2.18d AMS math features
\@mathmargin=\skip51
For additional information on amsmath, use the `?' option.
(c:/Users/MBall/AppData/Roaming/TinyTeX/texmf-dist/tex/latex/amsmath/amstext.sty
Package: amstext 2024/11/17 v2.01 AMS text
(c:/Users/MBall/AppData/Roaming/TinyTeX/texmf-dist/tex/latex/amsmath/amsgen.sty
File: amsgen.sty 1999/11/30 v2.0 generic functions
\@emptytoks=\toks17
\ex@=\dimen151
)) (c:/Users/MBall/AppData/Roaming/TinyTeX/texmf-dist/tex/latex/amsmath/amsbsy.sty
Package: amsbsy 1999/11/29 v1.2d Bold Symbols
\pmbraise@=\dimen152
) (c:/Users/MBall/AppData/Roaming/TinyTeX/texmf-dist/tex/latex/amsmath/amsopn.sty
Package: amsopn 2022/04/08 v2.04 operator names
)
\inf@bad=\count284
LaTeX Info: Redefining \frac on input line 233.
\uproot@=\count285
\leftroot@=\count286
LaTeX Info: Redefining \overline on input line 398.
LaTeX Info: Redefining \colon on input line 409.
\classnum@=\count287
\DOTSCASE@=\count288
LaTeX Info: Redefining \ldots on input line 495.
LaTeX Info: Redefining \dots on input line 498.
LaTeX Info: Redefining \cdots on input line 619.
\Mathstrutbox@=\box53
\strutbox@=\box54
LaTeX Info: Redefining \big on input line 721.
LaTeX Info: Redefining \Big on input line 722.
LaTeX Info: Redefining \bigg on input line 723.
LaTeX Info: Redefining \Bigg on input line 724.
\big@size=\dimen153
LaTeX Font Info:    Redeclaring font encoding OML on input line 742.
LaTeX Font Info:    Redeclaring font encoding OMS on input line 743.
\macc@depth=\count289
LaTeX Info: Redefining \bmod on input line 904.
LaTeX Info: Redefining \pmod on input line 909.
LaTeX Info: Redefining \smash on input line 939.
LaTeX Info: Redefining \relbar on input line 969.
LaTeX Info: Redefining \Relbar on input line 970.
\c@MaxMatrixCols=\count290
\dotsspace@=\muskip17
\c@parentequation=\count291
\dspbrk@lvl=\count292
\tag@help=\toks18
\row@=\count293
\column@=\count294
\maxfields@=\count295
\andhelp@=\toks19
\eqnshift@=\dimen154
\alignsep@=\dimen155
\tagshift@=\dimen156
\tagwidth@=\dimen157
\totwidth@=\dimen158
\lineht@=\dimen159
\@envbody=\toks20
\multlinegap=\skip52
\multlinetaggap=\skip53
\mathdisplay@stack=\toks21
LaTeX Info: Redefining \[ on input line 2965.
LaTeX Info: Redefining \] on input line 2966.
) (c:/Users/MBall/AppData/Roaming/TinyTeX/texmf-dist/tex/latex/amsfonts/amssymb.sty
Package: amssymb 2013/01/14 v3.01 AMS font symbols
(c:/Users/MBall/AppData/Roaming/TinyTeX/texmf-dist/tex/latex/amsfonts/amsfonts.sty
Package: amsfonts 2013/01/14 v3.01 Basic AMSFonts support
\symAMSa=\mathgroup4
\symAMSb=\mathgroup5
LaTeX Font Info:    Redeclaring math symbol \hbar on input line 98.
LaTeX Font Info:    Overwriting math alphabet `\mathfrak' in version `bold'
(Font)                  U/euf/m/n --> U/euf/b/n on input line 106.
)) (c:/Users/MBall/AppData/Roaming/TinyTeX/texmf-dist/tex/generic/iftex/iftex.sty
Package: iftex 2024/12/12 v1.0g TeX engine tests
) (c:/Users/MBall/AppData/Roaming/TinyTeX/texmf-dist/tex/latex/base/fontenc.sty
Package: fontenc 2025/07/18 v2.1d Standard LaTeX package
) (c:/Users/MBall/AppData/Roaming/TinyTeX/texmf-dist/tex/latex/base/inputenc.sty
Package: inputenc 2024/02/08 v1.3d Input encoding file
\inpenc@prehook=\toks22
\inpenc@posthook=\toks23
) (c:/Users/MBall/AppData/Roaming/TinyTeX/texmf-dist/tex/latex/base/textcomp.sty
Package: textcomp 2024/04/24 v2.1b Standard LaTeX package
) (c:/Users/MBall/AppData/Roaming/TinyTeX/texmf-dist/tex/latex/lm/lmodern.sty
Package: lmodern 2015/05/01 v1.6.1 Latin Modern Fonts
LaTeX Font Info:    Overwriting symbol font `operators' in version `normal'
(Font)                  OT1/cmr/m/n --> OT1/lmr/m/n on input line 22.
LaTeX Font Info:    Overwriting symbol font `letters' in version `normal'
(Font)                  OML/cmm/m/it --> OML/lmm/m/it on input line 23.
LaTeX Font Info:    Overwriting symbol font `symbols' in version `normal'
(Font)                  OMS/cmsy/m/n --> OMS/lmsy/m/n on input line 24.
LaTeX Font Info:    Overwriting symbol font `largesymbols' in version `normal'
(Font)                  OMX/cmex/m/n --> OMX/lmex/m/n on input line 25.
LaTeX Font Info:    Overwriting symbol font `operators' in version `bold'
(Font)                  OT1/cmr/bx/n --> OT1/lmr/bx/n on input line 26.
LaTeX Font Info:    Overwriting symbol font `letters' in version `bold'
(Font)                  OML/cmm/b/it --> OML/lmm/b/it on input line 27.
LaTeX Font Info:    Overwriting symbol font `symbols' in version `bold'
(Font)                  OMS/cmsy/b/n --> OMS/lmsy/b/n on input line 28.
LaTeX Font Info:    Overwriting symbol font `largesymbols' in version `bold'
(Font)                  OMX/cmex/m/n --> OMX/lmex/m/n on input line 29.
LaTeX Font Info:    Overwriting math alphabet `\mathbf' in version `normal'
(Font)                  OT1/cmr/bx/n --> OT1/lmr/bx/n on input line 31.
LaTeX Font Info:    Overwriting math alphabet `\mathsf' in version `normal'
(Font)                  OT1/cmss/m/n --> OT1/lmss/m/n on input line 32.
LaTeX Font Info:    Overwriting math alphabet `\mathit' in version `normal'
(Font)                  OT1/cmr/m/it --> OT1/lmr/m/it on input line 33.
LaTeX Font Info:    Overwriting math alphabet `\mathtt' in version `normal'
(Font)                  OT1/cmtt/m/n --> OT1/lmtt/m/n on input line 34.
LaTeX Font Info:    Overwriting math alphabet `\mathbf' in version `bold'
(Font)                  OT1/cmr/bx/n --> OT1/lmr/bx/n on input line 35.
LaTeX Font Info:    Overwriting math alphabet `\mathsf' in version `bold'
(Font)                  OT1/cmss/bx/n --> OT1/lmss/bx/n on input line 36.
LaTeX Font Info:    Overwriting math alphabet `\mathit' in version `bold'
(Font)                  OT1/cmr/bx/it --> OT1/lmr/bx/it on input line 37.
LaTeX Font Info:    Overwriting math alphabet `\mathtt' in version `bold'
(Font)                  OT1/cmtt/m/n --> OT1/lmtt/m/n on input line 38.
) (c:/Users/MBall/AppData/Roaming/TinyTeX/texmf-dist/tex/latex/xcolor/xcolor.sty
Package: xcolor 2024/09/29 v3.02 LaTeX color extensions (UK)
(c:/Users/MBall/AppData/Roaming/TinyTeX/texmf-dist/tex/latex/graphics-cfg/color.cfg
File: color.cfg 2016/01/02 v1.6 sample color configuration
)
Package xcolor Info: Driver file: pdftex.def on input line 274.
(c:/Users/MBall/AppData/Roaming/TinyTeX/texmf-dist/tex/latex/graphics-def/pdftex.def
File: pdftex.def 2025/09/29 v1.2d Graphics/color driver for pdftex
) (c:/Users/MBall/AppData/Roaming/TinyTeX/texmf-dist/tex/latex/graphics/mathcolor.ltx)
Package xcolor Info: Model `cmy' substituted by `cmy0' on input line 1349.
Package xcolor Info: Model `hsb' substituted by `rgb' on input line 1353.
Package xcolor Info: Model `RGB' extended on input line 1365.
Package xcolor Info: Model `HTML' substituted by `rgb' on input line 1367.
Package xcolor Info: Model `Hsb' substituted by `hsb' on input line 1368.
Package xcolor Info: Model `tHsb' substituted by `hsb' on input line 1369.
Package xcolor Info: Model `HSB' substituted by `hsb' on input line 1370.
Package xcolor Info: Model `Gray' substituted by `gray' on input line 1371.
Package xcolor Info: Model `wave' substituted by `hsb' on input line 1372.
) (c:/Users/MBall/AppData/Roaming/TinyTeX/texmf-dist/tex/latex/geometry/geometry.sty
Package: geometry 2026/03/07 v6.0 Page Geometry
(c:/Users/MBall/AppData/Roaming/TinyTeX/texmf-dist/tex/latex/graphics/keyval.sty
Package: keyval 2026-05-17 v1.15 key=value parser (DPC)
\KV@toks@=\toks24
) (c:/Users/MBall/AppData/Roaming/TinyTeX/texmf-dist/tex/generic/iftex/ifvtex.sty
Package: ifvtex 2019/10/25 v1.7 ifvtex legacy package. Use iftex instead.
)
\Gm@cnth=\count296
\Gm@cntv=\count297
\c@Gm@tempcnt=\count298
\Gm@bindingoffset=\dimen160
\Gm@wd@mp=\dimen161
\Gm@odd@mp=\dimen162
\Gm@even@mp=\dimen163
\Gm@layoutwidth=\dimen164
\Gm@layoutheight=\dimen165
\Gm@layouthoffset=\dimen166
\Gm@layoutvoffset=\dimen167
\Gm@dimlist=\toks25
) (c:/Users/MBall/AppData/Roaming/TinyTeX/texmf-dist/tex/latex/fancyvrb/fancyvrb.sty
Package: fancyvrb 2026/04/16 4.6a verbatim text (tvz,hv)
\FV@CodeLineNo=\count299
\FV@InFile=\read2
\FV@TabBox=\box55
\c@FancyVerbLine=\count300
\FV@StepNumber=\count301
\FV@OutFile=\write3
) (c:/Users/MBall/AppData/Roaming/TinyTeX/texmf-dist/tex/latex/framed/framed.sty
Package: framed 2011/10/22 v 0.96: framed or shaded text with page breaks
\OuterFrameSep=\skip54
\fb@frw=\dimen168
\fb@frh=\dimen169
\FrameRule=\dimen170
\FrameSep=\dimen171
) (c:/Users/MBall/AppData/Roaming/TinyTeX/texmf-dist/tex/latex/graphics/graphicx.sty
Package: graphicx 2026-05-17 v1.2e Enhanced LaTeX Graphics (DPC,SPQR)
(c:/Users/MBall/AppData/Roaming/TinyTeX/texmf-dist/tex/latex/graphics/graphics.sty
Package: graphics 2026-05-17 v1.4h Standard LaTeX Graphics (DPC,SPQR)
(c:/Users/MBall/AppData/Roaming/TinyTeX/texmf-dist/tex/latex/graphics/trig.sty
Package: trig 2023/12/02 v1.11 sin cos tan (DPC)
) (c:/Users/MBall/AppData/Roaming/TinyTeX/texmf-dist/tex/latex/graphics-cfg/graphics.cfg
File: graphics.cfg 2016/06/04 v1.11 sample graphics configuration
)
Package graphics Info: Driver file: pdftex.def on input line 106.
)
\Gin@req@height=\dimen172
\Gin@req@width=\dimen173
)
\pandoc@box=\box56
(c:/Users/MBall/AppData/Roaming/TinyTeX/texmf-dist/tex/latex/bookmark/bookmark.sty
Package: bookmark 2026-05-21 v1.32 PDF bookmarks (HO)
(c:/Users/MBall/AppData/Roaming/TinyTeX/texmf-dist/tex/latex/hyperref/hyperref.sty
Package: hyperref 2026-04-24 v7.01q Hypertext links for LaTeX
(c:/Users/MBall/AppData/Roaming/TinyTeX/texmf-dist/tex/latex/kvsetkeys/kvsetkeys.sty
Package: kvsetkeys 2022-10-05 v1.19 Key value parser (HO)
) (c:/Users/MBall/AppData/Roaming/TinyTeX/texmf-dist/tex/generic/kvdefinekeys/kvdefinekeys.sty
Package: kvdefinekeys 2019-12-19 v1.6 Define keys (HO)
) (c:/Users/MBall/AppData/Roaming/TinyTeX/texmf-dist/tex/generic/pdfescape/pdfescape.sty
Package: pdfescape 2019/12/09 v1.15 Implements pdfTeX's escape features (HO)
(c:/Users/MBall/AppData/Roaming/TinyTeX/texmf-dist/tex/generic/ltxcmds/ltxcmds.sty
Package: ltxcmds 2023-12-04 v1.26 LaTeX kernel commands for general use (HO)
) (c:/Users/MBall/AppData/Roaming/TinyTeX/texmf-dist/tex/generic/pdftexcmds/pdftexcmds.sty
Package: pdftexcmds 2020-06-27 v0.33 Utility functions of pdfTeX for LuaTeX (HO)
(c:/Users/MBall/AppData/Roaming/TinyTeX/texmf-dist/tex/generic/infwarerr/infwarerr.sty
Package: infwarerr 2019/12/03 v1.5 Providing info/warning/error messages (HO)
)
Package pdftexcmds Info: \pdf@primitive is available.
Package pdftexcmds Info: \pdf@ifprimitive is available.
Package pdftexcmds Info: \pdfdraftmode found.
)) (c:/Users/MBall/AppData/Roaming/TinyTeX/texmf-dist/tex/latex/hycolor/hycolor.sty
Package: hycolor 2020-01-27 v1.10 Color options for hyperref/bookmark (HO)
) (c:/Users/MBall/AppData/Roaming/TinyTeX/texmf-dist/tex/latex/hyperref/nameref.sty
Package: nameref 2026-01-29 v2.58 Cross-referencing by name of section
(c:/Users/MBall/AppData/Roaming/TinyTeX/texmf-dist/tex/latex/refcount/refcount.sty
Package: refcount 2019/12/15 v3.6 Data extraction from label references (HO)
) (c:/Users/MBall/AppData/Roaming/TinyTeX/texmf-dist/tex/generic/gettitlestring/gettitlestring.sty
Package: gettitlestring 2019/12/15 v1.6 Cleanup title references (HO)
(c:/Users/MBall/AppData/Roaming/TinyTeX/texmf-dist/tex/latex/kvoptions/kvoptions.sty
Package: kvoptions 2022-06-15 v3.15 Key value format for package options (HO)
))
\c@section@level=\count302
) (c:/Users/MBall/AppData/Roaming/TinyTeX/texmf-dist/tex/latex/etoolbox/etoolbox.sty
Package: etoolbox 2025/10/02 v2.5m e-TeX tools for LaTeX (JAW)
\etb@tempcnta=\count303
) (c:/Users/MBall/AppData/Roaming/TinyTeX/texmf-dist/tex/generic/stringenc/stringenc.sty
Package: stringenc 2019/11/29 v1.12 Convert strings between diff. encodings (HO)
)
\@linkdim=\dimen174
\Hy@linkcounter=\count304
\Hy@pagecounter=\count305
(c:/Users/MBall/AppData/Roaming/TinyTeX/texmf-dist/tex/latex/hyperref/pd1enc.def
File: pd1enc.def 2026-04-24 v7.01q Hyperref: PDFDocEncoding definition (HO)
Now handling font encoding PD1 ...
... no UTF-8 mapping file for font encoding PD1
) (c:/Users/MBall/AppData/Roaming/TinyTeX/texmf-dist/tex/generic/intcalc/intcalc.sty
Package: intcalc 2019/12/15 v1.3 Expandable calculations with integers (HO)
)
\Hy@SavedSpaceFactor=\count306
(c:/Users/MBall/AppData/Roaming/TinyTeX/texmf-dist/tex/latex/hyperref/puenc.def
File: puenc.def 2026-04-24 v7.01q Hyperref: PDF Unicode definition (HO)
Now handling font encoding PU ...
... no UTF-8 mapping file for font encoding PU
)
Package hyperref Info: Option `unicode' set `true' on input line 4070.
Package hyperref Info: Hyper figures OFF on input line 4199.
Package hyperref Info: Link nesting OFF on input line 4204.
Package hyperref Info: Hyper index ON on input line 4207.
Package hyperref Info: Plain pages OFF on input line 4214.
Package hyperref Info: Backreferencing OFF on input line 4219.
Package hyperref Info: Implicit mode ON; LaTeX internals redefined.
Package hyperref Info: Bookmarks ON on input line 4466.
\c@Hy@tempcnt=\count307
(c:/Users/MBall/AppData/Roaming/TinyTeX/texmf-dist/tex/latex/url/url.sty
\Urlmuskip=\muskip18
Package: url 2013/09/16  ver 3.4  Verb mode for urls, etc.
)
LaTeX Info: Redefining \url on input line 4805.
\XeTeXLinkMargin=\dimen175
(c:/Users/MBall/AppData/Roaming/TinyTeX/texmf-dist/tex/generic/bitset/bitset.sty
Package: bitset 2019/12/09 v1.3 Handle bit-vector datatype (HO)
(c:/Users/MBall/AppData/Roaming/TinyTeX/texmf-dist/tex/generic/bigintcalc/bigintcalc.sty
Package: bigintcalc 2019/12/15 v1.5 Expandable calculations on big integers (HO)
))
\Fld@menulength=\count308
\Field@Width=\dimen176
\Fld@charsize=\dimen177
Package hyperref Info: Hyper figures OFF on input line 6091.
Package hyperref Info: Link nesting OFF on input line 6096.
Package hyperref Info: Hyper index ON on input line 6099.
Package hyperref Info: backreferencing OFF on input line 6106.
Package hyperref Info: Link coloring OFF on input line 6111.
Package hyperref Info: Link coloring with OCG OFF on input line 6116.
Package hyperref Info: PDF/A mode OFF on input line 6121.
\Hy@abspage=\count309
\c@Item=\count310
\c@Hfootnote=\count311
)
Package hyperref Info: Driver (autodetected): hpdftex.
(c:/Users/MBall/AppData/Roaming/TinyTeX/texmf-dist/tex/latex/hyperref/hpdftex.def
File: hpdftex.def 2026-04-24 v7.01q Hyperref driver for pdfTeX
\Fld@listcount=\count312
\c@bookmark@seq@number=\count313
(c:/Users/MBall/AppData/Roaming/TinyTeX/texmf-dist/tex/latex/rerunfilecheck/rerunfilecheck.sty
Package: rerunfilecheck 2025-06-21 v1.11 Rerun checks for auxiliary files (HO)
(c:/Users/MBall/AppData/Roaming/TinyTeX/texmf-dist/tex/generic/uniquecounter/uniquecounter.sty
Package: uniquecounter 2019/12/15 v1.4 Provide unlimited unique counter (HO)
)
Package uniquecounter Info: New unique counter `rerunfilecheck' on input line 284.
)
\Hy@SectionHShift=\skip55
) (c:/Users/MBall/AppData/Roaming/TinyTeX/texmf-dist/tex/latex/l3backend/l3backend-pdftex.def
File: l3backend-pdftex.def 2026-02-18 L3 backend support: PDF output (pdfTeX)
\l__color_backend_stack_int=\count314
) (c:/Users/MBall/AppData/Roaming/TinyTeX/texmf-dist/tex/latex/bookmark/bkm-pdftex.def
File: bkm-pdftex.def 2026-05-21 v1.32 bookmark driver for pdfTeX (HO)
\BKM@id=\count315
))
LaTeX Font Info:    Trying to load font information for T1+lmr on input line 112.
(c:/Users/MBall/AppData/Roaming/TinyTeX/texmf-dist/tex/latex/lm/t1lmr.fd
File: t1lmr.fd 2015/05/01 v1.6.1 Font defs for Latin Modern
)
No file SRKW-QERM514_LMM.aux.
\openout1 = `SRKW-QERM514_LMM.aux'.

LaTeX Font Info:    Checking defaults for OML/cmm/m/it on input line 112.
LaTeX Font Info:    ... okay on input line 112.
LaTeX Font Info:    Checking defaults for OMS/cmsy/m/n on input line 112.
LaTeX Font Info:    ... okay on input line 112.
LaTeX Font Info:    Checking defaults for OT1/cmr/m/n on input line 112.
LaTeX Font Info:    ... okay on input line 112.
LaTeX Font Info:    Checking defaults for T1/cmr/m/n on input line 112.
LaTeX Font Info:    ... okay on input line 112.
LaTeX Font Info:    Checking defaults for TS1/cmr/m/n on input line 112.
LaTeX Font Info:    ... okay on input line 112.
LaTeX Font Info:    Checking defaults for OMX/cmex/m/n on input line 112.
LaTeX Font Info:    ... okay on input line 112.
LaTeX Font Info:    Checking defaults for U/cmr/m/n on input line 112.
LaTeX Font Info:    ... okay on input line 112.
LaTeX Font Info:    Checking defaults for PD1/pdf/m/n on input line 112.
LaTeX Font Info:    ... okay on input line 112.
LaTeX Font Info:    Checking defaults for PU/pdf/m/n on input line 112.
LaTeX Font Info:    ... okay on input line 112.
(c:/Users/MBall/AppData/Roaming/TinyTeX/texmf-dist/tex/latex/epstopdf-pkg/epstopdf-base.sty
Package: epstopdf-base 2020-01-24 v2.11 Base part for package epstopdf
Package epstopdf-base Info: Redefining graphics rule for `.eps' on input line 485.
(c:/Users/MBall/AppData/Roaming/TinyTeX/texmf-dist/tex/latex/latexconfig/epstopdf-sys.cfg
File: epstopdf-sys.cfg 2010/07/13 v1.3 Configuration of (r)epstopdf for TeX Live
))
*geometry* driver: auto-detecting
*geometry* detected driver: pdftex
*geometry* verbose mode - [ preamble ] result:
* driver: pdftex
* paper: <default>
* layout: <same size as paper>
* layoutoffset:(h,v)=(0.0pt,0.0pt)
* modes: 
* h-part:(L,W,R)=(72.26999pt, 469.75502pt, 72.26999pt)
* v-part:(T,H,B)=(72.26999pt, 650.43001pt, 72.26999pt)
* \paperwidth=614.295pt
* \paperheight=794.96999pt
* \textwidth=469.75502pt
* \textheight=650.43001pt
* \oddsidemargin=0.0pt
* \evensidemargin=0.0pt
* \topmargin=-37.0pt
* \headheight=12.0pt
* \headsep=25.0pt
* \topskip=10.0pt
* \footskip=30.0pt
* \marginparwidth=65.0pt
* \marginparsep=11.0pt
* \columnsep=10.0pt
* \skip\footins=9.0pt plus 4.0pt minus 2.0pt
* \hoffset=0.0pt
* \voffset=0.0pt
* \mag=1000
* \@twocolumnfalse
* \@twosidefalse
* \@mparswitchfalse
* \@reversemarginfalse
* (1in=72.27pt=25.4mm, 1cm=28.453pt)

Package hyperref Info: Link coloring OFF on input line 112.
LaTeX Font Info:    Trying to load font information for T1+lmtt on input line 119.
(c:/Users/MBall/AppData/Roaming/TinyTeX/texmf-dist/tex/latex/lm/t1lmtt.fd
File: t1lmtt.fd 2015/05/01 v1.6.1 Font defs for Latin Modern
)
Overfull \hbox (1824.48831pt too wide) in paragraph at lines 123--123
[]\T1/lmtt/m/n/10 Southern resident killer whales (Orcinus orca ater; SRKW), with just 74 members of the population, have been listed as Endangered Species under the U.S. Endangered Species Act (ESA) since 2005 (Krahn et al., 2004). They occupy the inland and offshore waters of the Pacific Northwest, with ranges spanning from California to Southern Alaska; critical habitat for SRKWs includes Puget Sound, found in Washington state (Krahn et al., 2004).[] 
 []


Overfull \hbox (2816.73543pt too wide) in paragraph at lines 123--123
[]\T1/lmtt/m/n/10 The main threats to SRKW are a lack of prey, vessel disturbance, contaminants (especially persistent organic pollutants (POPs)), and inbreeding (Switzer et al., 2026; Van Cise et al., 2024). Further, nutritional stress can work synergistically to amplify the effects of each stressor (Switzer et al., 2026). SRKW diets are culturally learned and believed to comprise almost entirely (>80%) of Chinook salmon (Oncorhynchus tshawytscha) (Van Cise et al., 2024). Many Chinook salmon populations in the Puget Sound region are also listed as threatened, endangered, or critical under the Endangered Species Act (Ford et al., 2011).[] 
 []


Overfull \hbox (1876.98816pt too wide) in paragraph at lines 123--123
[]\T1/lmtt/m/n/10 For this project, I therefore aim to use data generated by genetic metabarcoding of the 16S region of mitochondrial DNA SRKW fecal samples collected from 2007 to 2025 (n=nearly 500[MB1.1]) in Washington state and surrounding waters to describe any spatial, temporal, and/or demographic (e.g. by sex, pod, age class, etc.) changes therein. [MB2.1]Library preparation was conducted by the San Diego Zoo and Wildlife Alliance (Escondido, CA). [MB3.1][] 
 []

LaTeX Font Info:    Font shape `T1/lmtt/bx/n' in size <10> not available
(Font)              Font shape `T1/lmtt/b/n' tried instead on input line 142.
[1

{c:/Users/MBall/AppData/Roaming/TinyTeX/texmf-var/fonts/map/pdftex/updmap/pdftex.map}{c:/Users/MBall/AppData/Roaming/TinyTeX/texmf-dist/fonts/enc/dvips/lm/lm-ec.enc}] [2] [3]
<SRKW-QERM514_LMM_files/SRKW-QERM514_LMM_files/figure-latex/Exploratory plots-1.pdf, id=26, 469.755pt x 325.215pt>
File: SRKW-QERM514_LMM_files/SRKW-QERM514_LMM_files/figure-latex/Exploratory plots-1.pdf Graphic file (type pdf)
<use SRKW-QERM514_LMM_files/SRKW-QERM514_LMM_files/figure-latex/Exploratory plots-1.pdf>
Package pdftex.def Info: SRKW-QERM514_LMM_files/SRKW-QERM514_LMM_files/figure-latex/Exploratory plots-1.pdf  used on input line 296.
(pdftex.def)             Requested size: 469.75386pt x 325.2142pt.
<SRKW-QERM514_LMM_files/SRKW-QERM514_LMM_files/figure-latex/Exploratory plots-2.pdf, id=27, 469.755pt x 325.215pt>
File: SRKW-QERM514_LMM_files/SRKW-QERM514_LMM_files/figure-latex/Exploratory plots-2.pdf Graphic file (type pdf)
<use SRKW-QERM514_LMM_files/SRKW-QERM514_LMM_files/figure-latex/Exploratory plots-2.pdf>
Package pdftex.def Info: SRKW-QERM514_LMM_files/SRKW-QERM514_LMM_files/figure-latex/Exploratory plots-2.pdf  used on input line 315.
(pdftex.def)             Requested size: 469.75386pt x 325.2142pt.
[4 <./SRKW-QERM514_LMM_files/SRKW-QERM514_LMM_files/figure-latex/Exploratory plots-1.pdf>]
<SRKW-QERM514_LMM_files/SRKW-QERM514_LMM_files/figure-latex/Exploratory plots-3.pdf, id=37, 469.755pt x 325.215pt>
File: SRKW-QERM514_LMM_files/SRKW-QERM514_LMM_files/figure-latex/Exploratory plots-3.pdf Graphic file (type pdf)
<use SRKW-QERM514_LMM_files/SRKW-QERM514_LMM_files/figure-latex/Exploratory plots-3.pdf>
Package pdftex.def Info: SRKW-QERM514_LMM_files/SRKW-QERM514_LMM_files/figure-latex/Exploratory plots-3.pdf  used on input line 335.
(pdftex.def)             Requested size: 469.75386pt x 325.2142pt.
[5 <./SRKW-QERM514_LMM_files/SRKW-QERM514_LMM_files/figure-latex/Exploratory plots-2.pdf>]
<SRKW-QERM514_LMM_files/SRKW-QERM514_LMM_files/figure-latex/Exploratory plots-4.pdf, id=47, 469.755pt x 325.215pt>
File: SRKW-QERM514_LMM_files/SRKW-QERM514_LMM_files/figure-latex/Exploratory plots-4.pdf Graphic file (type pdf)
<use SRKW-QERM514_LMM_files/SRKW-QERM514_LMM_files/figure-latex/Exploratory plots-4.pdf>
Package pdftex.def Info: SRKW-QERM514_LMM_files/SRKW-QERM514_LMM_files/figure-latex/Exploratory plots-4.pdf  used on input line 350.
(pdftex.def)             Requested size: 469.75386pt x 325.2142pt.
[6 <./SRKW-QERM514_LMM_files/SRKW-QERM514_LMM_files/figure-latex/Exploratory plots-3.pdf>]
<SRKW-QERM514_LMM_files/SRKW-QERM514_LMM_files/figure-latex/Exploratory plots-5.pdf, id=57, 469.755pt x 325.215pt>
File: SRKW-QERM514_LMM_files/SRKW-QERM514_LMM_files/figure-latex/Exploratory plots-5.pdf Graphic file (type pdf)
<use SRKW-QERM514_LMM_files/SRKW-QERM514_LMM_files/figure-latex/Exploratory plots-5.pdf>
Package pdftex.def Info: SRKW-QERM514_LMM_files/SRKW-QERM514_LMM_files/figure-latex/Exploratory plots-5.pdf  used on input line 368.
(pdftex.def)             Requested size: 469.75386pt x 325.2142pt.
[7 <./SRKW-QERM514_LMM_files/SRKW-QERM514_LMM_files/figure-latex/Exploratory plots-4.pdf>]
<SRKW-QERM514_LMM_files/SRKW-QERM514_LMM_files/figure-latex/Tests for normality-1.pdf, id=68, 469.755pt x 325.215pt>
File: SRKW-QERM514_LMM_files/SRKW-QERM514_LMM_files/figure-latex/Tests for normality-1.pdf Graphic file (type pdf)
<use SRKW-QERM514_LMM_files/SRKW-QERM514_LMM_files/figure-latex/Tests for normality-1.pdf>
Package pdftex.def Info: SRKW-QERM514_LMM_files/SRKW-QERM514_LMM_files/figure-latex/Tests for normality-1.pdf  used on input line 406.
(pdftex.def)             Requested size: 469.75386pt x 325.2142pt.
[8 <./SRKW-QERM514_LMM_files/SRKW-QERM514_LMM_files/figure-latex/Exploratory plots-5.pdf>]

LaTeX Font Warning: Font shape `T1/lmtt/bx/it' in size <10> not available
(Font)              Font shape `T1/lmtt/b/sl' tried instead on input line 425.

LaTeX Font Info:    Trying to load font information for OT1+lmr on input line 448.
(c:/Users/MBall/AppData/Roaming/TinyTeX/texmf-dist/tex/latex/lm/ot1lmr.fd
File: ot1lmr.fd 2015/05/01 v1.6.1 Font defs for Latin Modern
)
LaTeX Font Info:    Trying to load font information for OML+lmm on input line 448.
(c:/Users/MBall/AppData/Roaming/TinyTeX/texmf-dist/tex/latex/lm/omllmm.fd
File: omllmm.fd 2015/05/01 v1.6.1 Font defs for Latin Modern
)
LaTeX Font Info:    Trying to load font information for OMS+lmsy on input line 448.
(c:/Users/MBall/AppData/Roaming/TinyTeX/texmf-dist/tex/latex/lm/omslmsy.fd
File: omslmsy.fd 2015/05/01 v1.6.1 Font defs for Latin Modern
)
LaTeX Font Info:    Trying to load font information for OMX+lmex on input line 448.
(c:/Users/MBall/AppData/Roaming/TinyTeX/texmf-dist/tex/latex/lm/omxlmex.fd
File: omxlmex.fd 2015/05/01 v1.6.1 Font defs for Latin Modern
)
LaTeX Font Info:    External font `lmex10' loaded for size
(Font)              <10> on input line 448.
LaTeX Font Info:    External font `lmex10' loaded for size
(Font)              <7> on input line 448.
LaTeX Font Info:    External font `lmex10' loaded for size
(Font)              <5> on input line 448.
LaTeX Font Info:    Trying to load font information for U+msa on input line 448.
(c:/Users/MBall/AppData/Roaming/TinyTeX/texmf-dist/tex/latex/amsfonts/umsa.fd
File: umsa.fd 2013/01/14 v3.01 AMS symbols A
)
LaTeX Font Info:    Trying to load font information for U+msb on input line 448.
(c:/Users/MBall/AppData/Roaming/TinyTeX/texmf-dist/tex/latex/amsfonts/umsb.fd
File: umsb.fd 2013/01/14 v3.01 AMS symbols B
) [9 <./SRKW-QERM514_LMM_files/SRKW-QERM514_LMM_files/figure-latex/Tests for normality-1.pdf>]
LaTeX Font Info:    Trying to load font information for TS1+lmtt on input line 454.
(c:/Users/MBall/AppData/Roaming/TinyTeX/texmf-dist/tex/latex/lm/ts1lmtt.fd
File: ts1lmtt.fd 2015/05/01 v1.6.1 Font defs for Latin Modern
)

LaTeX Font Warning: Font shape `TS1/lmtt/bx/it' in size <10> not available
(Font)              Font shape `TS1/lmtt/b/sl' tried instead on input line 454.

<SRKW-QERM514_LMM_files/SRKW-QERM514_LMM_files/figure-latex/Exploratory plots post-transformation-1.pdf, id=89, 469.755pt x 325.215pt>
File: SRKW-QERM514_LMM_files/SRKW-QERM514_LMM_files/figure-latex/Exploratory plots post-transformation-1.pdf Graphic file (type pdf)
<use SRKW-QERM514_LMM_files/SRKW-QERM514_LMM_files/figure-latex/Exploratory plots post-transformation-1.pdf>
Package pdftex.def Info: SRKW-QERM514_LMM_files/SRKW-QERM514_LMM_files/figure-latex/Exploratory plots post-transformation-1.pdf  used on input line 480.
(pdftex.def)             Requested size: 469.75386pt x 325.2142pt.
[10{c:/Users/MBall/AppData/Roaming/TinyTeX/texmf-dist/fonts/enc/dvips/lm/lm-mathit.enc}{c:/Users/MBall/AppData/Roaming/TinyTeX/texmf-dist/fonts/enc/dvips/lm/lm-mathsy.enc}{c:/Users/MBall/AppData/Roaming/TinyTeX/texmf-dist/fonts/enc/dvips/lm/lm-rm.enc}{c:/Users/MBall/AppData/Roaming/TinyTeX/texmf-dist/fonts/enc/dvips/lm/lm-ts1.enc} <./SRKW-QERM514_LMM_files/SRKW-QERM514_LMM_files/figure-latex/Exploratory plots post-transformation-1.pdf>]
<SRKW-QERM514_LMM_files/SRKW-QERM514_LMM_files/figure-latex/Exploratory plots post-transformation-2.pdf, id=103, 469.755pt x 325.215pt>
File: SRKW-QERM514_LMM_files/SRKW-QERM514_LMM_files/figure-latex/Exploratory plots post-transformation-2.pdf Graphic file (type pdf)
<use SRKW-QERM514_LMM_files/SRKW-QERM514_LMM_files/figure-latex/Exploratory plots post-transformation-2.pdf>
Package pdftex.def Info: SRKW-QERM514_LMM_files/SRKW-QERM514_LMM_files/figure-latex/Exploratory plots post-transformation-2.pdf  used on input line 499.
(pdftex.def)             Requested size: 469.75386pt x 325.2142pt.
<SRKW-QERM514_LMM_files/SRKW-QERM514_LMM_files/figure-latex/Exploratory plots post-transformation-3.pdf, id=104, 469.755pt x 325.215pt>
File: SRKW-QERM514_LMM_files/SRKW-QERM514_LMM_files/figure-latex/Exploratory plots post-transformation-3.pdf Graphic file (type pdf)
<use SRKW-QERM514_LMM_files/SRKW-QERM514_LMM_files/figure-latex/Exploratory plots post-transformation-3.pdf>
Package pdftex.def Info: SRKW-QERM514_LMM_files/SRKW-QERM514_LMM_files/figure-latex/Exploratory plots post-transformation-3.pdf  used on input line 519.
(pdftex.def)             Requested size: 469.75386pt x 325.2142pt.
[11 <./SRKW-QERM514_LMM_files/SRKW-QERM514_LMM_files/figure-latex/Exploratory plots post-transformation-2.pdf>]
<SRKW-QERM514_LMM_files/SRKW-QERM514_LMM_files/figure-latex/Exploratory plots post-transformation-4.pdf, id=114, 469.755pt x 325.215pt>
File: SRKW-QERM514_LMM_files/SRKW-QERM514_LMM_files/figure-latex/Exploratory plots post-transformation-4.pdf Graphic file (type pdf)
<use SRKW-QERM514_LMM_files/SRKW-QERM514_LMM_files/figure-latex/Exploratory plots post-transformation-4.pdf>
Package pdftex.def Info: SRKW-QERM514_LMM_files/SRKW-QERM514_LMM_files/figure-latex/Exploratory plots post-transformation-4.pdf  used on input line 534.
(pdftex.def)             Requested size: 469.75386pt x 325.2142pt.
[12 <./SRKW-QERM514_LMM_files/SRKW-QERM514_LMM_files/figure-latex/Exploratory plots post-transformation-3.pdf>]
<SRKW-QERM514_LMM_files/SRKW-QERM514_LMM_files/figure-latex/Exploratory plots post-transformation-5.pdf, id=124, 469.755pt x 325.215pt>
File: SRKW-QERM514_LMM_files/SRKW-QERM514_LMM_files/figure-latex/Exploratory plots post-transformation-5.pdf Graphic file (type pdf)
<use SRKW-QERM514_LMM_files/SRKW-QERM514_LMM_files/figure-latex/Exploratory plots post-transformation-5.pdf>
Package pdftex.def Info: SRKW-QERM514_LMM_files/SRKW-QERM514_LMM_files/figure-latex/Exploratory plots post-transformation-5.pdf  used on input line 552.
(pdftex.def)             Requested size: 469.75386pt x 325.2142pt.
[13 <./SRKW-QERM514_LMM_files/SRKW-QERM514_LMM_files/figure-latex/Exploratory plots post-transformation-4.pdf>]
<SRKW-QERM514_LMM_files/SRKW-QERM514_LMM_files/figure-latex/Tests for normality post-transformation-1.pdf, id=135, 469.755pt x 325.215pt>
File: SRKW-QERM514_LMM_files/SRKW-QERM514_LMM_files/figure-latex/Tests for normality post-transformation-1.pdf Graphic file (type pdf)
<use SRKW-QERM514_LMM_files/SRKW-QERM514_LMM_files/figure-latex/Tests for normality post-transformation-1.pdf>
Package pdftex.def Info: SRKW-QERM514_LMM_files/SRKW-QERM514_LMM_files/figure-latex/Tests for normality post-transformation-1.pdf  used on input line 566.
(pdftex.def)             Requested size: 469.75386pt x 325.2142pt.
[14 <./SRKW-QERM514_LMM_files/SRKW-QERM514_LMM_files/figure-latex/Exploratory plots post-transformation-5.pdf>] [15 <./SRKW-QERM514_LMM_files/SRKW-QERM514_LMM_files/figure-latex/Tests for normality post-transformation-1.pdf>] [16]
<SRKW-QERM514_LMM_files/SRKW-QERM514_LMM_files/figure-latex/lmm, all fixed effects and ID as random effect-1.pdf, id=164, 469.755pt x 325.215pt>
File: SRKW-QERM514_LMM_files/SRKW-QERM514_LMM_files/figure-latex/lmm, all fixed effects and ID as random effect-1.pdf Graphic file (type pdf)
<use SRKW-QERM514_LMM_files/SRKW-QERM514_LMM_files/figure-latex/lmm, all fixed effects and ID as random effect-1.pdf>
Package pdftex.def Info: SRKW-QERM514_LMM_files/SRKW-QERM514_LMM_files/figure-latex/lmm, all fixed effects and ID as random effect-1.pdf  used on input line 691.
(pdftex.def)             Requested size: 469.75386pt x 325.2142pt.
<SRKW-QERM514_LMM_files/SRKW-QERM514_LMM_files/figure-latex/lmm, all fixed effects and ID as random effect-2.pdf, id=165, 469.755pt x 325.215pt>
File: SRKW-QERM514_LMM_files/SRKW-QERM514_LMM_files/figure-latex/lmm, all fixed effects and ID as random effect-2.pdf Graphic file (type pdf)
<use SRKW-QERM514_LMM_files/SRKW-QERM514_LMM_files/figure-latex/lmm, all fixed effects and ID as random effect-2.pdf>
Package pdftex.def Info: SRKW-QERM514_LMM_files/SRKW-QERM514_LMM_files/figure-latex/lmm, all fixed effects and ID as random effect-2.pdf  used on input line 701.
(pdftex.def)             Requested size: 469.75386pt x 325.2142pt.
[17 <./SRKW-QERM514_LMM_files/SRKW-QERM514_LMM_files/figure-latex/lmm, all fixed effects and ID as random effect-1.pdf>]
<SRKW-QERM514_LMM_files/SRKW-QERM514_LMM_files/figure-latex/lmm, all fixed effects and ID as random effect-3.pdf, id=175, 469.755pt x 325.215pt>
File: SRKW-QERM514_LMM_files/SRKW-QERM514_LMM_files/figure-latex/lmm, all fixed effects and ID as random effect-3.pdf Graphic file (type pdf)
<use SRKW-QERM514_LMM_files/SRKW-QERM514_LMM_files/figure-latex/lmm, all fixed effects and ID as random effect-3.pdf>
Package pdftex.def Info: SRKW-QERM514_LMM_files/SRKW-QERM514_LMM_files/figure-latex/lmm, all fixed effects and ID as random effect-3.pdf  used on input line 710.
(pdftex.def)             Requested size: 469.75386pt x 325.2142pt.

Underfull \hbox (badness 10000) in paragraph at lines 710--712
[][]
 []

[18 <./SRKW-QERM514_LMM_files/SRKW-QERM514_LMM_files/figure-latex/lmm, all fixed effects and ID as random effect-2.pdf>] [19 <./SRKW-QERM514_LMM_files/SRKW-QERM514_LMM_files/figure-latex/lmm, all fixed effects and ID as random effect-3.pdf>]

! LaTeX Error: Unicode character ≈ (U+2248)
               not set up for use with LaTeX.

See the LaTeX manual or LaTeX Companion for explanation.
Type  H <return>  for immediate help.
 ...                                              
                                                  
l.819 4/468≈
              0.0085. That's a pretty small number, and my influential points
You may provide a definition with
\DeclareUnicodeCharacter 

 
Here is how much of TeX's memory you used:
 11704 strings out of 469157
 192055 string characters out of 5458651
 645891 words of memory out of 5000000
 40523 multiletter control sequences out of 15000+600000
 660604 words of font info for 69 fonts, out of 8000000 for 9000
 14 hyphenation exceptions out of 8191
 88i,6n,93p,650b,630s stack positions out of 10000i,1000n,20000p,200000b,200000s
!  ==> Fatal error occurred, no output PDF file produced!
